<?xml version="1.0" encoding="UTF-8"?>
<!-- Generated by org.testng.reporters.JUnitReportReporter -->
<testsuite hostname="DESKTOP-6IIV337" failures="0" tests="1" name="Project_First.TestCase25" time="0.375" errors="0" timestamp="2024-03-21T15:24:31 IST" skipped="0">
  <testcase classname="Project_First.TestCase25" name="RegisterUser" time="0.375"/>
  <system-out/>
</testsuite> <!-- Project_First.TestCase25 -->
