<?xml version="1.0" encoding="UTF-8"?>
<!-- Generated by org.testng.reporters.JUnitReportReporter -->
<testsuite hostname="DESKTOP-6IIV337" failures="0" tests="1" name="TestCase1.SearchProduct" time="5.457" errors="0" timestamp="2024-03-16T15:47:31 IST" skipped="0">
  <testcase classname="TestCase1.SearchProduct" name="RegisterUser" time="5.457"/>
  <system-out/>
</testsuite> <!-- TestCase1.SearchProduct -->
