<?xml version="1.0" encoding="UTF-8"?>
<!-- Generated by org.testng.reporters.JUnitReportReporter -->
<testsuite hostname="DESKTOP-6IIV337" failures="0" tests="1" name="TestCase1.ProductQuantity" time="4.973" errors="0" timestamp="2024-03-17T23:01:33 IST" skipped="0">
  <testcase classname="TestCase1.ProductQuantity" name="RegisterUser" time="4.973"/>
  <system-out/>
</testsuite> <!-- TestCase1.ProductQuantity -->
