<?xml version="1.0" encoding="UTF-8"?>
<!-- Generated by org.testng.reporters.JUnitReportReporter -->
<testsuite hostname="DESKTOP-6IIV337" failures="0" tests="1" name="TestCase1.SubscriptionCart" time="2.058" errors="0" timestamp="2024-03-17T15:28:11 IST" skipped="0">
  <testcase classname="TestCase1.SubscriptionCart" name="RegisterUser" time="2.058"/>
  <system-out/>
</testsuite> <!-- TestCase1.SubscriptionCart -->
