<?xml version="1.0" encoding="UTF-8"?>
<!-- Generated by org.testng.reporters.JUnitReportReporter -->
<testsuite hostname="DESKTOP-6IIV337" failures="0" tests="1" name="TestCase1.LoginWithCorrect" time="2.585" errors="0" timestamp="2024-03-14T11:37:02 IST" skipped="0">
  <testcase classname="TestCase1.LoginWithCorrect" name="RegisterUser" time="2.585"/>
  <system-out/>
</testsuite> <!-- TestCase1.LoginWithCorrect -->
