<?xml version="1.0" encoding="UTF-8"?>
<!-- Generated by org.testng.reporters.JUnitReportReporter -->
<testsuite hostname="DESKTOP-6IIV337" failures="0" tests="1" name="TestCase1.AllProductDetails" time="4.437" errors="0" timestamp="2024-03-16T15:03:03 IST" skipped="0">
  <testcase classname="TestCase1.AllProductDetails" name="RegisterUser" time="4.437"/>
  <system-out/>
</testsuite> <!-- TestCase1.AllProductDetails -->
