<?xml version="1.0" encoding="UTF-8"?>
<!-- Generated by org.testng.reporters.JUnitReportReporter -->
<testsuite hostname="DESKTOP-6IIV337" failures="0" tests="1" name="Project_First.TestCase22" time="0.091" errors="0" timestamp="2024-03-20T20:57:07 IST" skipped="0">
  <testcase classname="Project_First.TestCase22" name="RegisterUser" time="0.091"/>
  <system-out/>
</testsuite> <!-- Project_First.TestCase22 -->
