<?xml version="1.0" encoding="UTF-8"?>
<!-- Generated by org.testng.reporters.JUnitReportReporter -->
<testsuite hostname="DESKTOP-6IIV337" failures="0" tests="1" name="TestCase1.TestCasesPage" time="2.118" errors="0" timestamp="2024-03-16T12:27:53 IST" skipped="0">
  <testcase classname="TestCase1.TestCasesPage" name="RegisterUser" time="2.118"/>
  <system-out/>
</testsuite> <!-- TestCase1.TestCasesPage -->
